[0m16:08:27.397195 [debug] [MainThread]: Sending event: {'category': 'dbt', 'action': 'invocation', 'label': 'start', 'context': [<snowplow_tracker.self_describing_json.SelfDescribingJson object at 0x0000021AD86A7800>, <snowplow_tracker.self_describing_json.SelfDescribingJson object at 0x0000021AD86A6930>, <snowplow_tracker.self_describing_json.SelfDescribingJson object at 0x0000021AD86A53A0>]}


============================== 16:08:27.499709 | c3eff5ca-23ab-44d6-9672-85c40339dbfb ==============================
[0m16:08:27.499709 [info ] [MainThread]: Running with dbt=1.10.13
[0m16:08:27.536204 [debug] [MainThread]: running dbt with arguments {'partial_parse': 'True', 'static_parser': 'True', 'send_anonymous_usage_stats': 'True', 'use_colors': 'True', 'cache_selected_only': 'False', 'target_path': 'None', 'warn_error': 'None', 'invocation_command': 'dbt init ins_dbt', 'log_format': 'default', 'version_check': 'True', 'introspect': 'True', 'debug': 'False', 'printer_width': '80', 'fail_fast': 'False', 'no_print': 'None', 'empty': 'None', 'use_experimental_parser': 'False', 'quiet': 'False', 'log_cache_events': 'False', 'indirect_selection': 'eager', 'log_path': 'logs', 'write_json': 'True', 'warn_error_options': 'WarnErrorOptionsV2(error=[], warn=[], silence=[])', 'profiles_dir': 'C:\\Users\\IMAKA\\.dbt'}
[0m16:08:27.973470 [info ] [MainThread]: Creating dbt configuration folder at C:\Users\IMAKA\.dbt
[0m16:08:27.980741 [debug] [MainThread]: Starter project path: C:\Users\IMAKA\AppData\Local\Programs\Python\Python312\Lib\site-packages\dbt\include\starter_project
[0m16:08:28.189505 [info ] [MainThread]: 
Your new dbt project "ins_dbt" was created!

For more information on how to configure the profiles.yml file,
please consult the dbt documentation here:

  https://docs.getdbt.com/docs/configure-your-profile

One more thing:

Need help? Don't hesitate to reach out to us via GitHub issues or on Slack:

  https://community.getdbt.com/

Happy modeling!

[0m16:08:28.241573 [info ] [MainThread]: Setting up your profile.
[0m16:15:15.741374 [info ] [MainThread]: Profile ins_dbt written to C:\Users\IMAKA\.dbt\profiles.yml using target's profile_template.yml and your supplied values. Run 'dbt debug' to validate the connection.
[0m16:15:15.745376 [debug] [MainThread]: Command `dbt init` succeeded at 16:15:15.744375 after 409.62 seconds
[0m16:15:15.746374 [debug] [MainThread]: Sending event: {'category': 'dbt', 'action': 'invocation', 'label': 'end', 'context': [<snowplow_tracker.self_describing_json.SelfDescribingJson object at 0x0000021AD87DFFE0>, <snowplow_tracker.self_describing_json.SelfDescribingJson object at 0x0000021AE1B998E0>, <snowplow_tracker.self_describing_json.SelfDescribingJson object at 0x0000021AE1DCE090>]}
[0m16:15:15.748376 [debug] [MainThread]: Flushing usage events
[0m16:15:17.738193 [debug] [MainThread]: An error was encountered while trying to flush usage events
